2023-10-23 13:23:00.180 [info] Extension host with pid 950 started
2023-10-23 13:23:00.272 [info] Lock '/var/www/html/.vscode-server/data/User/workspaceStorage/1c689aab9f72cdbb8676c74725bccd74/vscode.lock': Lock acquired.
2023-10-23 13:23:00.360 [info] ExtensionService#_doActivateExtension vscode.emmet, startup: false, activationEvent: 'onLanguage'
2023-10-23 13:23:00.361 [info] ExtensionService#_doActivateExtension vscode.html-language-features, startup: false, activationEvent: 'onLanguage:html'
2023-10-23 13:23:01.369 [info] ExtensionService#_doActivateExtension vscode.git-base, startup: true, activationEvent: '*', root cause: vscode.git
2023-10-23 13:23:01.389 [info] ExtensionService#_doActivateExtension vscode.git, startup: true, activationEvent: '*'
2023-10-23 13:23:01.393 [info] ExtensionService#_doActivateExtension vscode.github, startup: true, activationEvent: '*'
2023-10-23 13:23:01.927 [info] Eager extensions activated
2023-10-23 13:23:01.937 [info] ExtensionService#_doActivateExtension vscode.debug-auto-launch, startup: false, activationEvent: 'onStartupFinished'
2023-10-23 13:23:01.938 [info] ExtensionService#_doActivateExtension vscode.merge-conflict, startup: false, activationEvent: 'onStartupFinished'
2023-10-23 13:23:04.569 [error] Error: Hostname/IP does not match certificate's altnames: Host: mobile.events.data.microsoft.com. is not in the cert's altnames: DNS:*.araquari.ifc.edu.br, DNS:araquari.ifc.edu.br
	at new NodeError (node:internal/errors:387:5)
	at Object.checkServerIdentity (node:tls:354:12)
	at TLSSocket.onConnectSecure (node:_tls_wrap:1545:27)
	at TLSSocket.emit (node:events:513:28)
	at TLSSocket._finishInit (node:_tls_wrap:949:8)
	at TLSWrap.ssl.onhandshakedone (node:_tls_wrap:730:12)
2023-10-23 14:32:52.815 [warning] [Decorations] CAPPING events from decorations provider vscode.git 251
2023-10-23 14:32:58.098 [warning] [Decorations] CAPPING events from decorations provider vscode.git 252
2023-10-23 14:33:08.131 [warning] [Decorations] CAPPING events from decorations provider vscode.git 252
2023-10-23 14:33:20.361 [warning] [Decorations] CAPPING events from decorations provider vscode.git 252
2023-10-23 14:33:25.431 [warning] [Decorations] CAPPING events from decorations provider vscode.git 252
2023-10-23 14:33:30.496 [warning] [Decorations] CAPPING events from decorations provider vscode.git 253
2023-10-23 14:35:27.496 [warning] [Decorations] CAPPING events from decorations provider vscode.git 253
2023-10-23 14:35:27.711 [warning] [Decorations] CAPPING events from decorations provider vscode.git 253
2023-10-23 14:35:32.561 [warning] [Decorations] CAPPING events from decorations provider vscode.git 254
2023-10-23 14:35:38.207 [warning] [Decorations] CAPPING events from decorations provider vscode.git 255
2023-10-23 14:35:45.194 [warning] [Decorations] CAPPING events from decorations provider vscode.git 255
2023-10-23 14:35:50.247 [warning] [Decorations] CAPPING events from decorations provider vscode.git 255
2023-10-23 14:35:55.306 [warning] [Decorations] CAPPING events from decorations provider vscode.git 255
2023-10-23 14:36:00.360 [warning] [Decorations] CAPPING events from decorations provider vscode.git 255
2023-10-23 14:36:05.398 [warning] [Decorations] CAPPING events from decorations provider vscode.git 255
2023-10-23 14:36:10.438 [warning] [Decorations] CAPPING events from decorations provider vscode.git 255
2023-10-23 14:36:15.502 [warning] [Decorations] CAPPING events from decorations provider vscode.git 255
2023-10-23 14:36:20.577 [warning] [Decorations] CAPPING events from decorations provider vscode.git 256
2023-10-23 14:36:36.321 [warning] [Decorations] CAPPING events from decorations provider vscode.git 256
2023-10-23 14:36:41.387 [warning] [Decorations] CAPPING events from decorations provider vscode.git 256
2023-10-23 14:36:46.448 [warning] [Decorations] CAPPING events from decorations provider vscode.git 257
2023-10-23 14:38:02.298 [warning] [Decorations] CAPPING events from decorations provider vscode.git 257
2023-10-23 14:38:07.361 [warning] [Decorations] CAPPING events from decorations provider vscode.git 258
2023-10-23 14:38:12.436 [warning] [Decorations] CAPPING events from decorations provider vscode.git 258
2023-10-23 14:38:17.488 [warning] [Decorations] CAPPING events from decorations provider vscode.git 259
2023-10-23 14:38:22.541 [warning] [Decorations] CAPPING events from decorations provider vscode.git 259
2023-10-23 14:38:27.633 [warning] [Decorations] CAPPING events from decorations provider vscode.git 259
2023-10-23 14:38:27.956 [warning] [Decorations] CAPPING events from decorations provider vscode.git 259
2023-10-23 14:38:40.380 [warning] [Decorations] CAPPING events from decorations provider vscode.git 260
2023-10-23 14:38:45.440 [warning] [Decorations] CAPPING events from decorations provider vscode.git 260
2023-10-23 14:38:50.499 [warning] [Decorations] CAPPING events from decorations provider vscode.git 261
2023-10-23 14:39:18.692 [warning] [Decorations] CAPPING events from decorations provider vscode.git 261
2023-10-23 14:39:23.739 [warning] [Decorations] CAPPING events from decorations provider vscode.git 261
2023-10-23 14:39:28.797 [warning] [Decorations] CAPPING events from decorations provider vscode.git 262
2023-10-23 14:39:33.839 [warning] [Decorations] CAPPING events from decorations provider vscode.git 262
2023-10-23 14:39:38.881 [warning] [Decorations] CAPPING events from decorations provider vscode.git 262
2023-10-23 14:39:46.314 [warning] [Decorations] CAPPING events from decorations provider vscode.git 263
2023-10-23 14:39:51.377 [warning] [Decorations] CAPPING events from decorations provider vscode.git 263
2023-10-23 14:40:06.237 [warning] [Decorations] CAPPING events from decorations provider vscode.git 263
2023-10-23 14:40:11.303 [warning] [Decorations] CAPPING events from decorations provider vscode.git 263
2023-10-23 14:42:36.089 [warning] [Decorations] CAPPING events from decorations provider vscode.git 264
2023-10-23 14:42:36.611 [warning] [Decorations] CAPPING events from decorations provider vscode.git 264
2023-10-23 14:42:41.163 [warning] [Decorations] CAPPING events from decorations provider vscode.git 264
2023-10-23 14:42:46.224 [warning] [Decorations] CAPPING events from decorations provider vscode.git 264
2023-10-23 14:43:17.407 [warning] [Decorations] CAPPING events from decorations provider vscode.git 264
2023-10-23 14:43:22.995 [warning] [Decorations] CAPPING events from decorations provider vscode.git 264
2023-10-23 14:43:28.036 [warning] [Decorations] CAPPING events from decorations provider vscode.git 265
2023-10-23 14:43:33.099 [warning] [Decorations] CAPPING events from decorations provider vscode.git 265
2023-10-23 14:43:38.164 [warning] [Decorations] CAPPING events from decorations provider vscode.git 265
2023-10-23 14:43:43.224 [warning] [Decorations] CAPPING events from decorations provider vscode.git 266
2023-10-23 14:43:48.297 [warning] [Decorations] CAPPING events from decorations provider vscode.git 266
2023-10-23 14:44:02.755 [warning] [Decorations] CAPPING events from decorations provider vscode.git 266
2023-10-23 14:44:07.818 [warning] [Decorations] CAPPING events from decorations provider vscode.git 266
2023-10-23 14:44:12.879 [warning] [Decorations] CAPPING events from decorations provider vscode.git 267
2023-10-23 14:44:19.466 [warning] [Decorations] CAPPING events from decorations provider vscode.git 267
2023-10-23 14:44:24.528 [warning] [Decorations] CAPPING events from decorations provider vscode.git 267
2023-10-23 14:44:57.008 [warning] [Decorations] CAPPING events from decorations provider vscode.git 268
2023-10-23 14:45:02.062 [warning] [Decorations] CAPPING events from decorations provider vscode.git 269
2023-10-23 14:45:07.103 [warning] [Decorations] CAPPING events from decorations provider vscode.git 269
2023-10-23 14:45:12.165 [warning] [Decorations] CAPPING events from decorations provider vscode.git 270
2023-10-23 14:45:17.224 [warning] [Decorations] CAPPING events from decorations provider vscode.git 270
2023-10-23 14:45:22.288 [warning] [Decorations] CAPPING events from decorations provider vscode.git 270
2023-10-23 14:45:34.946 [warning] [Decorations] CAPPING events from decorations provider vscode.git 270
2023-10-23 14:45:37.048 [warning] [Decorations] CAPPING events from decorations provider vscode.git 270
2023-10-23 14:45:40.004 [warning] [Decorations] CAPPING events from decorations provider vscode.git 270
2023-10-23 14:46:08.428 [warning] [Decorations] CAPPING events from decorations provider vscode.git 271
2023-10-23 14:46:13.543 [warning] [Decorations] CAPPING events from decorations provider vscode.git 272
2023-10-23 14:46:18.643 [warning] [Decorations] CAPPING events from decorations provider vscode.git 272
2023-10-23 14:46:23.710 [warning] [Decorations] CAPPING events from decorations provider vscode.git 273
2023-10-23 14:46:28.774 [warning] [Decorations] CAPPING events from decorations provider vscode.git 273
2023-10-23 14:46:59.812 [warning] [Decorations] CAPPING events from decorations provider vscode.git 273
2023-10-23 14:47:04.884 [warning] [Decorations] CAPPING events from decorations provider vscode.git 274
2023-10-23 14:47:30.316 [warning] [Decorations] CAPPING events from decorations provider vscode.git 274
2023-10-23 14:48:20.611 [warning] [Decorations] CAPPING events from decorations provider vscode.git 274
2023-10-23 14:48:25.644 [warning] [Decorations] CAPPING events from decorations provider vscode.git 275
2023-10-23 14:48:30.683 [warning] [Decorations] CAPPING events from decorations provider vscode.git 276
2023-10-23 14:48:35.748 [warning] [Decorations] CAPPING events from decorations provider vscode.git 276
2023-10-23 14:48:37.247 [warning] [Decorations] CAPPING events from decorations provider vscode.git 276
2023-10-23 14:48:40.809 [warning] [Decorations] CAPPING events from decorations provider vscode.git 277
2023-10-23 14:48:51.676 [warning] [Decorations] CAPPING events from decorations provider vscode.git 277
2023-10-23 14:48:56.747 [warning] [Decorations] CAPPING events from decorations provider vscode.git 277
2023-10-23 14:49:26.381 [warning] [Decorations] CAPPING events from decorations provider vscode.git 278
2023-10-23 14:49:31.414 [warning] [Decorations] CAPPING events from decorations provider vscode.git 279
2023-10-23 14:49:36.474 [warning] [Decorations] CAPPING events from decorations provider vscode.git 279
2023-10-23 14:49:41.534 [warning] [Decorations] CAPPING events from decorations provider vscode.git 280
2023-10-23 14:49:46.593 [warning] [Decorations] CAPPING events from decorations provider vscode.git 280
2023-10-23 14:49:51.655 [warning] [Decorations] CAPPING events from decorations provider vscode.git 280
2023-10-23 14:49:56.700 [warning] [Decorations] CAPPING events from decorations provider vscode.git 280
2023-10-23 14:50:01.769 [warning] [Decorations] CAPPING events from decorations provider vscode.git 281
2023-10-23 14:50:06.831 [warning] [Decorations] CAPPING events from decorations provider vscode.git 281
2023-10-23 14:50:24.089 [warning] [Decorations] CAPPING events from decorations provider vscode.git 281
2023-10-23 14:50:29.152 [warning] [Decorations] CAPPING events from decorations provider vscode.git 281
2023-10-23 14:50:34.212 [warning] [Decorations] CAPPING events from decorations provider vscode.git 282
2023-10-23 14:50:46.708 [warning] [Decorations] CAPPING events from decorations provider vscode.git 282
2023-10-23 14:54:21.393 [warning] [Decorations] CAPPING events from decorations provider vscode.git 282
2023-10-23 14:54:21.634 [warning] [Decorations] CAPPING events from decorations provider vscode.git 282
2023-10-23 14:54:26.438 [warning] [Decorations] CAPPING events from decorations provider vscode.git 283
2023-10-23 14:54:31.486 [warning] [Decorations] CAPPING events from decorations provider vscode.git 283
2023-10-23 14:54:36.550 [warning] [Decorations] CAPPING events from decorations provider vscode.git 284
2023-10-23 14:54:41.614 [warning] [Decorations] CAPPING events from decorations provider vscode.git 284
2023-10-23 14:54:46.679 [warning] [Decorations] CAPPING events from decorations provider vscode.git 284
2023-10-23 14:54:55.942 [warning] [Decorations] CAPPING events from decorations provider vscode.git 284
2023-10-23 14:55:00.993 [warning] [Decorations] CAPPING events from decorations provider vscode.git 284
2023-10-23 14:55:15.418 [warning] [Decorations] CAPPING events from decorations provider vscode.git 285
2023-10-23 14:55:20.484 [warning] [Decorations] CAPPING events from decorations provider vscode.git 285
2023-10-23 14:55:25.540 [warning] [Decorations] CAPPING events from decorations provider vscode.git 286
2023-10-23 14:56:20.362 [warning] [Decorations] CAPPING events from decorations provider vscode.git 286
2023-10-23 14:56:25.407 [warning] [Decorations] CAPPING events from decorations provider vscode.git 287
2023-10-23 14:56:30.472 [warning] [Decorations] CAPPING events from decorations provider vscode.git 287
2023-10-23 14:56:40.894 [warning] [Decorations] CAPPING events from decorations provider vscode.git 288
2023-10-23 14:56:45.952 [warning] [Decorations] CAPPING events from decorations provider vscode.git 288
2023-10-23 14:56:59.741 [warning] [Decorations] CAPPING events from decorations provider vscode.git 288
2023-10-23 14:57:04.799 [warning] [Decorations] CAPPING events from decorations provider vscode.git 288
2023-10-23 14:57:21.414 [warning] [Decorations] CAPPING events from decorations provider vscode.git 289
2023-10-23 14:57:21.873 [warning] [Decorations] CAPPING events from decorations provider vscode.git 289
2023-10-23 14:57:26.454 [warning] [Decorations] CAPPING events from decorations provider vscode.git 290
2023-10-23 14:57:31.519 [warning] [Decorations] CAPPING events from decorations provider vscode.git 290
2023-10-23 14:57:36.583 [warning] [Decorations] CAPPING events from decorations provider vscode.git 291
2023-10-23 14:57:41.637 [warning] [Decorations] CAPPING events from decorations provider vscode.git 291
2023-10-23 14:57:46.704 [warning] [Decorations] CAPPING events from decorations provider vscode.git 291
2023-10-23 14:57:54.268 [warning] [Decorations] CAPPING events from decorations provider vscode.git 291
2023-10-23 14:57:59.336 [warning] [Decorations] CAPPING events from decorations provider vscode.git 291
2023-10-23 14:58:04.384 [warning] [Decorations] CAPPING events from decorations provider vscode.git 292
2023-10-23 14:58:09.427 [warning] [Decorations] CAPPING events from decorations provider vscode.git 293
2023-10-23 14:58:14.466 [warning] [Decorations] CAPPING events from decorations provider vscode.git 294
2023-10-23 14:59:20.649 [warning] [Decorations] CAPPING events from decorations provider vscode.git 294
2023-10-23 14:59:25.681 [warning] [Decorations] CAPPING events from decorations provider vscode.git 295
2023-10-23 14:59:30.747 [warning] [Decorations] CAPPING events from decorations provider vscode.git 295
2023-10-23 14:59:35.807 [warning] [Decorations] CAPPING events from decorations provider vscode.git 296
2023-10-23 14:59:40.869 [warning] [Decorations] CAPPING events from decorations provider vscode.git 296
2023-10-23 14:59:54.693 [warning] [Decorations] CAPPING events from decorations provider vscode.git 296
2023-10-23 14:59:59.755 [warning] [Decorations] CAPPING events from decorations provider vscode.git 296
2023-10-23 15:00:04.818 [warning] [Decorations] CAPPING events from decorations provider vscode.git 297
2023-10-23 15:00:39.034 [warning] [Decorations] CAPPING events from decorations provider vscode.git 297
2023-10-23 15:00:39.362 [warning] [Decorations] CAPPING events from decorations provider vscode.git 297
2023-10-23 15:00:44.073 [warning] [Decorations] CAPPING events from decorations provider vscode.git 298
2023-10-23 15:00:49.137 [warning] [Decorations] CAPPING events from decorations provider vscode.git 298
2023-10-23 15:00:54.193 [warning] [Decorations] CAPPING events from decorations provider vscode.git 298
2023-10-23 15:00:59.249 [warning] [Decorations] CAPPING events from decorations provider vscode.git 298
2023-10-23 15:01:06.186 [warning] [Decorations] CAPPING events from decorations provider vscode.git 298
2023-10-23 15:01:11.251 [warning] [Decorations] CAPPING events from decorations provider vscode.git 299
2023-10-23 15:01:16.315 [warning] [Decorations] CAPPING events from decorations provider vscode.git 299
2023-10-23 15:01:22.159 [warning] [Decorations] CAPPING events from decorations provider vscode.git 300
2023-10-23 15:01:27.226 [warning] [Decorations] CAPPING events from decorations provider vscode.git 300
2023-10-23 15:01:32.291 [warning] [Decorations] CAPPING events from decorations provider vscode.git 300
2023-10-23 15:01:37.363 [warning] [Decorations] CAPPING events from decorations provider vscode.git 300
2023-10-23 15:02:49.168 [warning] [Decorations] CAPPING events from decorations provider vscode.git 300
2023-10-23 15:02:54.231 [warning] [Decorations] CAPPING events from decorations provider vscode.git 300
2023-10-23 15:02:59.272 [warning] [Decorations] CAPPING events from decorations provider vscode.git 300
2023-10-23 15:03:04.350 [warning] [Decorations] CAPPING events from decorations provider vscode.git 301
2023-10-23 15:03:09.415 [warning] [Decorations] CAPPING events from decorations provider vscode.git 301
2023-10-23 15:03:14.483 [warning] [Decorations] CAPPING events from decorations provider vscode.git 301
2023-10-23 15:03:19.572 [warning] [Decorations] CAPPING events from decorations provider vscode.git 302
2023-10-23 15:03:24.638 [warning] [Decorations] CAPPING events from decorations provider vscode.git 303
2023-10-23 15:03:29.673 [warning] [Decorations] CAPPING events from decorations provider vscode.git 303
2023-10-23 15:03:34.734 [warning] [Decorations] CAPPING events from decorations provider vscode.git 303
2023-10-23 15:03:39.546 [warning] [Decorations] CAPPING events from decorations provider vscode.git 303
2023-10-23 15:03:39.766 [warning] [Decorations] CAPPING events from decorations provider vscode.git 303
2023-10-23 15:03:44.824 [warning] [Decorations] CAPPING events from decorations provider vscode.git 303
2023-10-23 15:03:51.222 [warning] [Decorations] CAPPING events from decorations provider vscode.git 304
2023-10-23 15:04:20.344 [warning] [Decorations] CAPPING events from decorations provider vscode.git 304
2023-10-23 15:04:25.412 [warning] [Decorations] CAPPING events from decorations provider vscode.git 305
2023-10-23 15:04:30.475 [warning] [Decorations] CAPPING events from decorations provider vscode.git 305
2023-10-23 15:04:35.555 [warning] [Decorations] CAPPING events from decorations provider vscode.git 305
2023-10-23 15:04:40.614 [warning] [Decorations] CAPPING events from decorations provider vscode.git 306
2023-10-23 15:04:45.670 [warning] [Decorations] CAPPING events from decorations provider vscode.git 306
2023-10-23 15:04:50.788 [warning] [Decorations] CAPPING events from decorations provider vscode.git 306
2023-10-23 15:04:55.849 [warning] [Decorations] CAPPING events from decorations provider vscode.git 306
2023-10-23 15:05:00.906 [warning] [Decorations] CAPPING events from decorations provider vscode.git 307
2023-10-23 15:05:13.367 [warning] [Decorations] CAPPING events from decorations provider vscode.git 307
2023-10-23 15:05:18.429 [warning] [Decorations] CAPPING events from decorations provider vscode.git 307
2023-10-23 15:05:23.492 [warning] [Decorations] CAPPING events from decorations provider vscode.git 308
2023-10-23 15:05:29.255 [warning] [Decorations] CAPPING events from decorations provider vscode.git 308
2023-10-23 15:05:34.319 [warning] [Decorations] CAPPING events from decorations provider vscode.git 308
2023-10-23 15:05:39.356 [warning] [Decorations] CAPPING events from decorations provider vscode.git 308
2023-10-23 15:05:44.419 [warning] [Decorations] CAPPING events from decorations provider vscode.git 308
2023-10-23 15:05:49.489 [warning] [Decorations] CAPPING events from decorations provider vscode.git 308
2023-10-23 15:05:54.554 [warning] [Decorations] CAPPING events from decorations provider vscode.git 308
2023-10-23 15:06:32.632 [warning] [Decorations] CAPPING events from decorations provider vscode.git 308
2023-10-23 15:06:37.677 [warning] [Decorations] CAPPING events from decorations provider vscode.git 309
2023-10-23 15:06:39.703 [warning] [Decorations] CAPPING events from decorations provider vscode.git 309
2023-10-23 15:06:42.742 [warning] [Decorations] CAPPING events from decorations provider vscode.git 309
2023-10-23 15:06:47.800 [warning] [Decorations] CAPPING events from decorations provider vscode.git 309
2023-10-23 15:06:52.859 [warning] [Decorations] CAPPING events from decorations provider vscode.git 310
2023-10-23 15:06:59.279 [warning] [Decorations] CAPPING events from decorations provider vscode.git 310
2023-10-23 15:07:04.341 [warning] [Decorations] CAPPING events from decorations provider vscode.git 310
2023-10-23 15:07:09.403 [warning] [Decorations] CAPPING events from decorations provider vscode.git 310
2023-10-23 15:07:14.516 [warning] [Decorations] CAPPING events from decorations provider vscode.git 310
2023-10-23 15:07:20.301 [warning] [Decorations] CAPPING events from decorations provider vscode.git 311
2023-10-23 15:07:53.281 [warning] [Decorations] CAPPING events from decorations provider vscode.git 311
2023-10-23 15:07:58.343 [warning] [Decorations] CAPPING events from decorations provider vscode.git 311
2023-10-23 15:08:03.384 [warning] [Decorations] CAPPING events from decorations provider vscode.git 311
2023-10-23 15:08:08.436 [warning] [Decorations] CAPPING events from decorations provider vscode.git 311
2023-10-23 15:08:13.494 [warning] [Decorations] CAPPING events from decorations provider vscode.git 311
2023-10-23 15:08:18.558 [warning] [Decorations] CAPPING events from decorations provider vscode.git 311
2023-10-23 15:08:23.302 [warning] [Decorations] CAPPING events from decorations provider vscode.git 311
