2023-09-27 13:47:00.338 [info] Extension host with pid 1026 started
2023-09-27 13:47:00.453 [info] Lock '/var/www/html/.vscode-server/data/User/workspaceStorage/1c689aab9f72cdbb8676c74725bccd74/vscode.lock': Lock acquired.
2023-09-27 13:47:00.524 [info] ExtensionService#_doActivateExtension vscode.html-language-features, startup: false, activationEvent: 'onLanguage:html'
2023-09-27 13:47:00.526 [info] ExtensionService#_doActivateExtension vscode.emmet, startup: false, activationEvent: 'onLanguage'
2023-09-27 13:47:01.536 [info] ExtensionService#_doActivateExtension vscode.git-base, startup: true, activationEvent: '*', root cause: vscode.git
2023-09-27 13:47:01.594 [info] ExtensionService#_doActivateExtension vscode.git, startup: true, activationEvent: '*'
2023-09-27 13:47:01.594 [info] ExtensionService#_doActivateExtension vscode.github, startup: true, activationEvent: '*'
2023-09-27 13:47:02.197 [info] Eager extensions activated
2023-09-27 13:47:02.198 [info] ExtensionService#_doActivateExtension vscode.debug-auto-launch, startup: false, activationEvent: 'onStartupFinished'
2023-09-27 13:47:02.199 [info] ExtensionService#_doActivateExtension vscode.merge-conflict, startup: false, activationEvent: 'onStartupFinished'
2023-09-27 13:47:04.959 [error] Error: Hostname/IP does not match certificate's altnames: Host: mobile.events.data.microsoft.com. is not in the cert's altnames: DNS:*.araquari.ifc.edu.br, DNS:araquari.ifc.edu.br
	at new NodeError (node:internal/errors:387:5)
	at Object.checkServerIdentity (node:tls:354:12)
	at TLSSocket.onConnectSecure (node:_tls_wrap:1545:27)
	at TLSSocket.emit (node:events:513:28)
	at TLSSocket._finishInit (node:_tls_wrap:949:8)
	at TLSWrap.ssl.onhandshakedone (node:_tls_wrap:730:12)
2023-09-27 13:49:58.395 [info] ExtensionService#_doActivateExtension vscode.npm, startup: false, activationEvent: 'onTerminalQuickFixRequest:ms-vscode.npm-command'
2023-09-27 15:09:28.717 [info] ExtensionService#_doActivateExtension vscode.json-language-features, startup: false, activationEvent: 'onLanguage:jsonc'
2023-09-27 15:09:28.718 [info] ExtensionService#_doActivateExtension vscode.typescript-language-features, startup: false, activationEvent: 'onLanguage:jsonc'
2023-09-27 15:09:31.196 [error] Error: Hostname/IP does not match certificate's altnames: Host: mobile.events.data.microsoft.com. is not in the cert's altnames: DNS:*.araquari.ifc.edu.br, DNS:araquari.ifc.edu.br
	at new NodeError (node:internal/errors:387:5)
	at Object.checkServerIdentity (node:tls:354:12)
	at TLSSocket.onConnectSecure (node:_tls_wrap:1545:27)
	at TLSSocket.emit (node:events:513:28)
	at TLSSocket._finishInit (node:_tls_wrap:949:8)
	at TLSWrap.ssl.onhandshakedone (node:_tls_wrap:730:12)
2023-09-27 15:10:32.011 [error] Error: Hostname/IP does not match certificate's altnames: Host: mobile.events.data.microsoft.com. is not in the cert's altnames: DNS:*.araquari.ifc.edu.br, DNS:araquari.ifc.edu.br
	at new NodeError (node:internal/errors:387:5)
	at Object.checkServerIdentity (node:tls:354:12)
	at TLSSocket.onConnectSecure (node:_tls_wrap:1545:27)
	at TLSSocket.emit (node:events:513:28)
	at TLSSocket._finishInit (node:_tls_wrap:949:8)
	at TLSWrap.ssl.onhandshakedone (node:_tls_wrap:730:12)
