2023-09-20 14:09:03.482 [info] Log level: Info
2023-09-20 14:09:03.483 [info] Validating found git in: "git"
2023-09-20 14:09:03.483 [info] Using git "2.20.1" from "git"
2023-09-20 14:09:03.483 [info] > git rev-parse --show-toplevel [8ms]
2023-09-20 14:09:03.483 [info] fatal: not a git repository (or any parent up to mount point /var)
Stopping at filesystem boundary (GIT_DISCOVERY_ACROSS_FILESYSTEM not set).
2023-09-20 14:09:03.488 [info] > git rev-parse --show-toplevel [10ms]
2023-09-20 14:09:03.489 [info] fatal: not a git repository (or any parent up to mount point /var)
Stopping at filesystem boundary (GIT_DISCOVERY_ACROSS_FILESYSTEM not set).
2023-09-20 14:09:03.500 [info] > git rev-parse --show-toplevel [9ms]
2023-09-20 14:09:03.501 [info] fatal: not a git repository (or any parent up to mount point /var)
Stopping at filesystem boundary (GIT_DISCOVERY_ACROSS_FILESYSTEM not set).
2023-09-20 14:14:14.511 [info] > git init [14ms]
2023-09-20 14:14:15.111 [info] > git rev-parse --show-toplevel [5ms]
2023-09-20 14:14:15.128 [info] > git rev-parse --git-dir --git-common-dir [3ms]
2023-09-20 14:14:15.154 [info] Open repository: /var/www/html
2023-09-20 14:14:15.169 [info] No remotes found in the git config file.
2023-09-20 14:14:15.171 [info] > git config --get commit.template [10ms]
2023-09-20 14:14:15.172 [info] > git for-each-ref --format=%(refname)%00%(upstream:short)%00%(objectname)%00%(upstream:track)%00%(upstream:remotename)%00%(upstream:remoteref) refs/heads/master refs/remotes/master [4ms]
2023-09-20 14:14:15.192 [info] > git fetch [39ms]
2023-09-20 14:14:15.212 [info] > git status -z -uall [33ms] (cancelled)
2023-09-20 14:14:15.214 [info] > git config --get commit.template [7ms]
2023-09-20 14:14:15.220 [info] No remotes found in the git config file.
2023-09-20 14:14:15.226 [info] No remotes found in the git config file.
2023-09-20 14:14:15.226 [info] > git for-each-ref --format=%(refname)%00%(upstream:short)%00%(objectname)%00%(upstream:track)%00%(upstream:remotename)%00%(upstream:remoteref) refs/heads/master refs/remotes/master [7ms]
2023-09-20 14:14:15.228 [info] > git config --get commit.template [16ms]
2023-09-20 14:14:15.230 [info] > git for-each-ref --format=%(refname)%00%(upstream:short)%00%(objectname)%00%(upstream:track)%00%(upstream:remotename)%00%(upstream:remoteref) refs/heads/master refs/remotes/master [4ms]
2023-09-20 14:14:15.277 [info] > git status -z -uall [38ms]
2023-09-20 14:14:16.443 [info] > git check-ignore -v -z --stdin [9ms]
2023-09-20 14:14:17.112 [info] No remotes found in the git config file.
2023-09-20 14:14:17.114 [info] > git for-each-ref --format=%(refname)%00%(upstream:short)%00%(objectname)%00%(upstream:track)%00%(upstream:remotename)%00%(upstream:remoteref) refs/heads/master refs/remotes/master [1ms]
2023-09-20 14:14:17.115 [info] > git config --get commit.template [15ms]
2023-09-20 14:14:17.142 [info] > git status -z -uall [20ms]
