*
* Visual Studio Code Server
*
* By using the software, you agree to
* the Visual Studio Code Server License Terms (https://aka.ms/vscode-server-license) and
* the Microsoft Privacy Statement (https://privacy.microsoft.com/en-US/privacystatement).
*
Server bound to 127.0.0.1:39287 (IPv4)
Extension host agent listening on 39287

[13:22:47] 




[13:22:47] Extension host agent started.
[13:22:48] [127.0.0.1][59b26d54][ManagementConnection] New connection established.
[13:22:48] [127.0.0.1][21524274][ExtensionHostConnection] New connection established.
[13:22:48] [127.0.0.1][21524274][ExtensionHostConnection] <849> Launched Extension Host Process.
[IPC Library: Pty Host]  WARN Shell integration cannot be enabled for executable "/bin/sh" and args [
  '-c',
  'wget --version > /dev/null\n' +
    'if [ $? -eq 0 ]\n' +
    'then\n' +
    "\twget --connect-timeout=7 --tries=1 --dns-timeout=7 -q --header='Metadata:true' -O - http://169.254.169.254/metadata/instance?api-version=2019-03-11\n" +
    'else\n' +
    '\tcurl --version > /dev/null\n' +
    '\tif [ $? -eq 0 ]\n' +
    '\tthen\n' +
    "\t\tcurl --connect-timeout 7 -s --header='Metadata:true' http://169.254.169.254/metadata/instance?api-version=2019-03-11\n" +
    '\tfi\n' +
    'fi\n' +
    'exit 0'
]
[13:22:50] Error [ERR_TLS_CERT_ALTNAME_INVALID]: Hostname/IP does not match certificate's altnames: Host: mobile.events.data.microsoft.com. is not in the cert's altnames: DNS:*.araquari.ifc.edu.br, DNS:araquari.ifc.edu.br
    at new NodeError (node:internal/errors:387:5)
    at Object.checkServerIdentity (node:tls:354:12)
    at TLSSocket.onConnectSecure (node:_tls_wrap:1545:27)
    at TLSSocket.emit (node:events:513:28)
    at TLSSocket._finishInit (node:_tls_wrap:949:8)
    at TLSWrap.ssl.onhandshakedone (node:_tls_wrap:730:12) {
  reason: "Host: mobile.events.data.microsoft.com. is not in the cert's altnames: DNS:*.araquari.ifc.edu.br, DNS:araquari.ifc.edu.br",
  host: 'mobile.events.data.microsoft.com',
  cert: {
    subject: [Object: null prototype] {
      C: 'BR',
      ST: 'Santa Catarina',
      L: 'Blumenau',
      O: 'Instituto Federal de Educacao Ciencia e Tecnologia Catarinense',
      CN: '*.araquari.ifc.edu.br'
    },
    issuer: [Object: null prototype] {
      C: 'BR',
      O: 'Rede Nacional de Ensino e Pesquisa - RNP',
      CN: 'RNP ICPEdu OV SSL CA 2019'
    },
    subjectaltname: 'DNS:*.araquari.ifc.edu.br, DNS:araquari.ifc.edu.br',
    infoAccess: [Object: null prototype] {
      'CA Issuers - URI': [Array],
      'OCSP - URI': [Array]
    },
    modulus: 'BEE226219F53BB55C7DB0A557DFD3E5A69622F1DDEC4E02AFD6554E396F311450E235DF35DB02D4D641BD0182E411EEFA94A2AA381B7BD41A97E57D41E82F4B051700346FA9142B0ED5B8C17C081BB7A74570E5D6737D0E08187D1DBBC00A6D773605ECB5A76C73D89F109173F270899689A0F5D888748B4EA434A9F9DB566A90112707D4437F0A42C00B2AE03EF945DD7E949F334A65AC0B33FD359353407B2B998FBD483A184B837AF816ED9213BCFE11826119304CCF6E9CDC50C44A54A21F77D09720B000B3024622CCB2380089389BEC496844618B92BBE6B559B20F6502363F50B1C25BFF48B90EFB0F2EF6952CF425BD3B7A7D656822C5D7BE522205B',
    bits: 2048,
    exponent: '0x10001',
    pubkey: <Buffer 30 82 01 22 30 0d 06 09 2a 86 48 86 f7 0d 01 01 01 05 00 03 82 01 0f 00 30 82 01 0a 02 82 01 01 00 be e2 26 21 9f 53 bb 55 c7 db 0a 55 7d fd 3e 5a 69 ... 244 more bytes>,
    valid_from: 'Jun 12 14:31:06 2023 GMT',
    valid_to: 'Jul 13 14:31:05 2024 GMT',
    fingerprint: '2D:5E:49:E1:AD:4D:C9:82:0A:0B:E9:31:D6:8B:76:EA:2E:06:0C:64',
    fingerprint256: 'E1:60:B7:44:89:D9:EE:B3:0F:60:55:E4:91:37:FC:52:35:00:2C:CA:EA:CC:FB:A7:88:2C:C7:C3:F1:AB:FA:AD',
    fingerprint512: 'CA:7C:95:43:97:4B:06:12:F9:01:68:F0:91:83:D7:50:FB:B6:C4:9B:BD:D5:D2:30:87:13:B0:71:74:B4:D4:92:A2:59:00:2E:70:09:52:D8:3C:0E:74:9E:1E:BA:F6:0B:3A:24:54:15:9D:C7:AA:C0:08:E8:A4:1C:58:A0:88:6E',
    ext_key_usage: [ '1.3.6.1.5.5.7.3.1', '1.3.6.1.5.5.7.3.2' ],
    serialNumber: '7D059265FB4E866664308EDF',
    raw: <Buffer 30 82 06 fc 30 82 05 e4 a0 03 02 01 02 02 0c 7d 05 92 65 fb 4e 86 66 64 30 8e df 30 0d 06 09 2a 86 48 86 f7 0d 01 01 0b 05 00 30 64 31 0b 30 09 06 03 ... 1742 more bytes>,
    issuerCertificate: {
      subject: [Object: null prototype],
      issuer: [Object: null prototype],
      infoAccess: [Object: null prototype],
      modulus: 'A5F2D1A55214C1B80178122F9A039D43EA96CEF33DAD45BA29382AA4DF4936B3D50EEE70E2E5FBE9A0CBE6B442C34282E9D8DDF5D3C1698A3190018F8F8AE4E0B3C8D22E68065D1BB54DE3E7AE216AC74BA303C9CA51DF547FA33ED195ED1BC6FEE6BC45015E83FF50889C62E3378DEAC854283A32C7EF03D65FF7AC16F80CB9C049A61B086634B49350BC0A14B633AF13688AB01F81216A3AF792138B63AE916E22E6588FF139F3BB694F5E2C3E494AF22B9099B7DEDF625DB19F6450A8003A34E76851F74B5C5A28062C1C794E0257289DDD930E779301D53507A7EF7CA1DCF2559C18BD65BB36A05F2F28B683138CB2C020CBAC31E18B29C84FC14BC7CAB7',
      bits: 2048,
      exponent: '0x10001',
      pubkey: <Buffer 30 82 01 22 30 0d 06 09 2a 86 48 86 f7 0d 01 01 01 05 00 03 82 01 0f 00 30 82 01 0a 02 82 01 01 00 a5 f2 d1 a5 52 14 c1 b8 01 78 12 2f 9a 03 9d 43 ea ... 244 more bytes>,
      valid_from: 'Jul  5 00:00:00 2020 GMT',
      valid_to: 'May 15 00:00:00 2026 GMT',
      fingerprint: 'EE:F7:F3:E2:87:12:66:2C:E7:81:8F:6F:FD:59:CE:25:87:67:30:6C',
      fingerprint256: '88:FC:18:BD:07:1B:E1:FB:C5:3F:FB:C8:01:F0:3F:5B:2C:4D:A8:7B:BA:0C:09:8E:2B:48:08:F1:9E:AB:05:FE',
      fingerprint512: '6B:67:60:67:25:56:79:0B:5F:0C:5F:FC:9E:D0:7F:7F:97:78:0E:A9:E4:D8:68:6D:02:7D:86:E4:F2:6E:39:E3:C9:79:92:FF:09:B3:31:4E:C8:6F:A4:EA:3B:2E:3C:28:2E:1D:30:59:C2:84:51:5F:CA:50:82:AA:2F:20:F7:BA',
      ext_key_usage: [Array],
      serialNumber: '77BD0DADB3E2C08DAF4B08631AE89CE0',
      raw: <Buffer 30 82 04 f8 30 82 03 e0 a0 03 02 01 02 02 10 77 bd 0d ad b3 e2 c0 8d af 4b 08 63 1a e8 9c e0 30 0d 06 09 2a 86 48 86 f7 0d 01 01 0b 05 00 30 50 31 0b ... 1226 more bytes>,
      issuerCertificate: [Object]
    }
  },
  code: 'ERR_TLS_CERT_ALTNAME_INVALID'
}
[IPC Library: Pty Host]  WARN Shell integration cannot be enabled for executable "/bin/sh" and args [
  '-c',
  'wget --version > /dev/null\n' +
    'if [ $? -eq 0 ]\n' +
    'then\n' +
    '\twget --connect-timeout=7 --tries=1 --dns-timeout=7 -q  -O - http://169.254.169.254/latest/meta-data/instance-id\n' +
    'else\n' +
    '\tcurl --version > /dev/null\n' +
    '\tif [ $? -eq 0 ]\n' +
    '\tthen\n' +
    '\t\tcurl --connect-timeout 7 -s  http://169.254.169.254/latest/meta-data/instance-id\n' +
    '\tfi\n' +
    'fi\n' +
    'exit 0'
]
[IPC Library: Pty Host]  WARN Shell integration cannot be enabled for executable "/bin/sh" and args [
  '-c',
  'wget --version > /dev/null\n' +
    'if [ $? -eq 0 ]\n' +
    'then\n' +
    '\twget --connect-timeout=7 --tries=1 --dns-timeout=7 -q  -O - http://169.254.169.254/metadata/v1/id\n' +
    'else\n' +
    '\tcurl --version > /dev/null\n' +
    '\tif [ $? -eq 0 ]\n' +
    '\tthen\n' +
    '\t\tcurl --connect-timeout 7 -s  http://169.254.169.254/metadata/v1/id\n' +
    '\tfi\n' +
    'fi\n' +
    'exit 0'
]
[IPC Library: Pty Host]  WARN Shell integration cannot be enabled for executable "/bin/sh" and args [
  '-c',
  'wget --version > /dev/null\n' +
    'if [ $? -eq 0 ]\n' +
    'then\n' +
    "\twget --connect-timeout=7 --tries=1 --dns-timeout=7 -q --header='Metadata-Flavor:Google' -O - http://metadata.google.internal/computeMetadata/v1/instance/id\n" +
    'else\n' +
    '\tcurl --version > /dev/null\n' +
    '\tif [ $? -eq 0 ]\n' +
    '\tthen\n' +
    "\t\tcurl --connect-timeout 7 -s --header='Metadata-Flavor:Google' http://metadata.google.internal/computeMetadata/v1/instance/id\n" +
    '\tfi\n' +
    'fi\n' +
    'exit 0'
]
[13:22:54] [127.0.0.1][59b26d54][ManagementConnection] The client has disconnected gracefully, so the connection will be disposed.
[13:22:54] [127.0.0.1][21524274][ExtensionHostConnection] <849> Extension Host Process exited with code: 0, signal: null.
Cancelling previous shutdown timeout
[13:22:54] Cancelling previous shutdown timeout
Last EH closed, waiting before shutting down
[13:22:54] Last EH closed, waiting before shutting down
Got delay-shutdown request while in shutdown timeout, delaying
[13:22:58] Got delay-shutdown request while in shutdown timeout, delaying
Cancelling previous shutdown timeout
[13:22:58] Cancelling previous shutdown timeout
[13:22:58] [127.0.0.1][545346bc][ManagementConnection] New connection established.
[13:22:58] [127.0.0.1][b249c38e][ExtensionHostConnection] New connection established.
[13:22:58] [127.0.0.1][b249c38e][ExtensionHostConnection] <950> Launched Extension Host Process.
[IPC Library: Pty Host]  WARN Shell integration cannot be enabled for executable "/bin/sh" and args [
  '-c',
  'wget --version > /dev/null\n' +
    'if [ $? -eq 0 ]\n' +
    'then\n' +
    "\twget --connect-timeout=7 --tries=1 --dns-timeout=7 -q --header='Metadata:true' -O - http://169.254.169.254/metadata/instance?api-version=2019-03-11\n" +
    'else\n' +
    '\tcurl --version > /dev/null\n' +
    '\tif [ $? -eq 0 ]\n' +
    '\tthen\n' +
    "\t\tcurl --connect-timeout 7 -s --header='Metadata:true' http://169.254.169.254/metadata/instance?api-version=2019-03-11\n" +
    '\tfi\n' +
    'fi\n' +
    'exit 0'
]
[IPC Library: Pty Host]  WARN Shell integration cannot be enabled for executable "/bin/sh" and args [
  '-c',
  'wget --version > /dev/null\n' +
    'if [ $? -eq 0 ]\n' +
    'then\n' +
    '\twget --connect-timeout=7 --tries=1 --dns-timeout=7 -q  -O - http://169.254.169.254/latest/meta-data/instance-id\n' +
    'else\n' +
    '\tcurl --version > /dev/null\n' +
    '\tif [ $? -eq 0 ]\n' +
    '\tthen\n' +
    '\t\tcurl --connect-timeout 7 -s  http://169.254.169.254/latest/meta-data/instance-id\n' +
    '\tfi\n' +
    'fi\n' +
    'exit 0'
]
[IPC Library: Pty Host]  WARN Shell integration cannot be enabled for executable "/bin/sh" and args [
  '-c',
  'wget --version > /dev/null\n' +
    'if [ $? -eq 0 ]\n' +
    'then\n' +
    '\twget --connect-timeout=7 --tries=1 --dns-timeout=7 -q  -O - http://169.254.169.254/metadata/v1/id\n' +
    'else\n' +
    '\tcurl --version > /dev/null\n' +
    '\tif [ $? -eq 0 ]\n' +
    '\tthen\n' +
    '\t\tcurl --connect-timeout 7 -s  http://169.254.169.254/metadata/v1/id\n' +
    '\tfi\n' +
    'fi\n' +
    'exit 0'
]
[IPC Library: Pty Host]  WARN Shell integration cannot be enabled for executable "/bin/sh" and args [
  '-c',
  'wget --version > /dev/null\n' +
    'if [ $? -eq 0 ]\n' +
    'then\n' +
    "\twget --connect-timeout=7 --tries=1 --dns-timeout=7 -q --header='Metadata-Flavor:Google' -O - http://metadata.google.internal/computeMetadata/v1/instance/id\n" +
    'else\n' +
    '\tcurl --version > /dev/null\n' +
    '\tif [ $? -eq 0 ]\n' +
    '\tthen\n' +
    "\t\tcurl --connect-timeout 7 -s --header='Metadata-Flavor:Google' http://metadata.google.internal/computeMetadata/v1/instance/id\n" +
    '\tfi\n' +
    'fi\n' +
    'exit 0'
]
New EH opened, aborting shutdown
[13:28:00] New EH opened, aborting shutdown
